2022-04-02 00:43:45.220  INFO 2824 --- [restartedMain] c.shopme.admin.ShopmeBackEndApplication  : Starting ShopmeBackEndApplication using Java 17.0.2 on LAPTOP-51T3DM64 with PID 2824 (D:\Project\Shopme-Ecommerce\ShopmeProject\ShopmeWebParent\ShopmeBackEnd\target\classes started by Loren in D:\Project\Shopme-Ecommerce\ShopmeProject\ShopmeWebParent\ShopmeBackEnd)
2022-04-02 00:43:45.221  INFO 2824 --- [restartedMain] c.shopme.admin.ShopmeBackEndApplication  : No active profile set, falling back to default profiles: default
2022-04-02 00:43:45.321  INFO 2824 --- [restartedMain] .s.d.r.c.RepositoryConfigurationDelegate : Bootstrapping Spring Data JPA repositories in DEFAULT mode.
2022-04-02 00:43:45.328  INFO 2824 --- [restartedMain] .s.d.r.c.RepositoryConfigurationDelegate : Finished Spring Data repository scanning in 6 ms. Found 2 JPA repository interfaces.
2022-04-02 00:43:45.383  INFO 2824 --- [restartedMain] o.s.b.w.embedded.tomcat.TomcatWebServer  : Tomcat initialized with port(s): 8080 (http)
2022-04-02 00:43:45.384  INFO 2824 --- [restartedMain] o.apache.catalina.core.StandardService   : Starting service [Tomcat]
2022-04-02 00:43:45.384  INFO 2824 --- [restartedMain] org.apache.catalina.core.StandardEngine  : Starting Servlet engine: [Apache Tomcat/9.0.54]
2022-04-02 00:43:45.401  INFO 2824 --- [restartedMain] o.a.c.c.C.[.[localhost].[/ShopmeAdmin]   : Initializing Spring embedded WebApplicationContext
2022-04-02 00:43:45.401  INFO 2824 --- [restartedMain] w.s.c.ServletWebServerApplicationContext : Root WebApplicationContext: initialization completed in 179 ms
2022-04-02 00:43:45.422  INFO 2824 --- [restartedMain] o.hibernate.jpa.internal.util.LogHelper  : HHH000204: Processing PersistenceUnitInfo [name: default]
2022-04-02 00:43:45.425  INFO 2824 --- [restartedMain] com.zaxxer.hikari.HikariDataSource       : HikariPool-8 - Starting...
2022-04-02 00:43:45.436  INFO 2824 --- [restartedMain] com.zaxxer.hikari.HikariDataSource       : HikariPool-8 - Start completed.
2022-04-02 00:43:45.437  INFO 2824 --- [restartedMain] org.hibernate.dialect.Dialect            : HHH000400: Using dialect: org.hibernate.dialect.MySQL8Dialect
2022-04-02 00:43:45.479  INFO 2824 --- [restartedMain] o.h.e.t.j.p.i.JtaPlatformInitiator       : HHH000490: Using JtaPlatform implementation: [org.hibernate.engine.transaction.jta.platform.internal.NoJtaPlatform]
2022-04-02 00:43:45.479  INFO 2824 --- [restartedMain] j.LocalContainerEntityManagerFactoryBean : Initialized JPA EntityManagerFactory for persistence unit 'default'
2022-04-02 00:43:45.491  WARN 2824 --- [restartedMain] JpaBaseConfiguration$JpaWebConfiguration : spring.jpa.open-in-view is enabled by default. Therefore, database queries may be performed during view rendering. Explicitly configure spring.jpa.open-in-view to disable this warning
2022-04-02 00:43:45.537  INFO 2824 --- [restartedMain] o.s.s.web.DefaultSecurityFilterChain     : Will secure Ant [pattern='/images/**'] with []
2022-04-02 00:43:45.537  INFO 2824 --- [restartedMain] o.s.s.web.DefaultSecurityFilterChain     : Will secure Ant [pattern='/js/**'] with []
2022-04-02 00:43:45.537  INFO 2824 --- [restartedMain] o.s.s.web.DefaultSecurityFilterChain     : Will secure Ant [pattern='/webjars/**'] with []
2022-04-02 00:43:45.542  INFO 2824 --- [restartedMain] o.s.s.web.DefaultSecurityFilterChain     : Will secure any request with [org.springframework.security.web.context.request.async.WebAsyncManagerIntegrationFilter@55b51074, org.springframework.security.web.context.SecurityContextPersistenceFilter@4e94d3da, org.springframework.security.web.header.HeaderWriterFilter@2e2c9632, org.springframework.security.web.csrf.CsrfFilter@7154ac82, org.springframework.security.web.authentication.logout.LogoutFilter@3dba3177, org.springframework.security.web.authentication.UsernamePasswordAuthenticationFilter@1f06a9f2, org.springframework.security.web.savedrequest.RequestCacheAwareFilter@1330e2c3, org.springframework.security.web.servletapi.SecurityContextHolderAwareRequestFilter@59677b91, org.springframework.security.web.authentication.rememberme.RememberMeAuthenticationFilter@32fbd32a, org.springframework.security.web.authentication.AnonymousAuthenticationFilter@d011a45, org.springframework.security.web.session.SessionManagementFilter@1af05cba, org.springframework.security.web.access.ExceptionTranslationFilter@5171910a, org.springframework.security.web.access.intercept.FilterSecurityInterceptor@54ba4fb]
2022-04-02 00:43:45.572  INFO 2824 --- [restartedMain] o.s.b.a.w.s.WelcomePageHandlerMapping    : Adding welcome page template: index
2022-04-02 00:43:45.764  INFO 2824 --- [restartedMain] o.s.b.d.a.OptionalLiveReloadServer       : LiveReload server is running on port 35729
2022-04-02 00:43:45.771  INFO 2824 --- [restartedMain] o.s.b.w.embedded.tomcat.TomcatWebServer  : Tomcat started on port(s): 8080 (http) with context path '/ShopmeAdmin'
2022-04-02 00:43:45.774  INFO 2824 --- [restartedMain] c.shopme.admin.ShopmeBackEndApplication  : Started ShopmeBackEndApplication in 0.581 seconds (JVM running for 3149.34)
2022-04-02 00:43:45.775  INFO 2824 --- [restartedMain] .ConditionEvaluationDeltaLoggingListener : Condition evaluation unchanged
2022-04-02 00:44:16.638  INFO 2824 --- [Thread-31] j.LocalContainerEntityManagerFactoryBean : Closing JPA EntityManagerFactory for persistence unit 'default'
2022-04-02 00:44:16.638  INFO 2824 --- [Thread-31] com.zaxxer.hikari.HikariDataSource       : HikariPool-8 - Shutdown initiated...
2022-04-02 00:44:16.640  INFO 2824 --- [Thread-31] com.zaxxer.hikari.HikariDataSource       : HikariPool-8 - Shutdown completed.
2022-04-02 00:44:16.690  INFO 2824 --- [restartedMain] c.shopme.admin.ShopmeBackEndApplication  : Starting ShopmeBackEndApplication using Java 17.0.2 on LAPTOP-51T3DM64 with PID 2824 (D:\Project\Shopme-Ecommerce\ShopmeProject\ShopmeWebParent\ShopmeBackEnd\target\classes started by Loren in D:\Project\Shopme-Ecommerce\ShopmeProject\ShopmeWebParent\ShopmeBackEnd)
2022-04-02 00:44:16.690  INFO 2824 --- [restartedMain] c.shopme.admin.ShopmeBackEndApplication  : No active profile set, falling back to default profiles: default
2022-04-02 00:44:16.777  INFO 2824 --- [restartedMain] .s.d.r.c.RepositoryConfigurationDelegate : Bootstrapping Spring Data JPA repositories in DEFAULT mode.
2022-04-02 00:44:16.783  INFO 2824 --- [restartedMain] .s.d.r.c.RepositoryConfigurationDelegate : Finished Spring Data repository scanning in 5 ms. Found 2 JPA repository interfaces.
2022-04-02 00:44:16.826  INFO 2824 --- [restartedMain] o.s.b.w.embedded.tomcat.TomcatWebServer  : Tomcat initialized with port(s): 8080 (http)
2022-04-02 00:44:16.827  INFO 2824 --- [restartedMain] o.apache.catalina.core.StandardService   : Starting service [Tomcat]
2022-04-02 00:44:16.827  INFO 2824 --- [restartedMain] org.apache.catalina.core.StandardEngine  : Starting Servlet engine: [Apache Tomcat/9.0.54]
2022-04-02 00:44:16.843  INFO 2824 --- [restartedMain] o.a.c.c.C.[.[localhost].[/ShopmeAdmin]   : Initializing Spring embedded WebApplicationContext
2022-04-02 00:44:16.843  INFO 2824 --- [restartedMain] w.s.c.ServletWebServerApplicationContext : Root WebApplicationContext: initialization completed in 152 ms
2022-04-02 00:44:16.862  INFO 2824 --- [restartedMain] o.hibernate.jpa.internal.util.LogHelper  : HHH000204: Processing PersistenceUnitInfo [name: default]
2022-04-02 00:44:16.865  INFO 2824 --- [restartedMain] com.zaxxer.hikari.HikariDataSource       : HikariPool-9 - Starting...
2022-04-02 00:44:16.875  INFO 2824 --- [restartedMain] com.zaxxer.hikari.HikariDataSource       : HikariPool-9 - Start completed.
2022-04-02 00:44:16.875  INFO 2824 --- [restartedMain] org.hibernate.dialect.Dialect            : HHH000400: Using dialect: org.hibernate.dialect.MySQL8Dialect
2022-04-02 00:44:16.900  INFO 2824 --- [restartedMain] o.h.e.t.j.p.i.JtaPlatformInitiator       : HHH000490: Using JtaPlatform implementation: [org.hibernate.engine.transaction.jta.platform.internal.NoJtaPlatform]
2022-04-02 00:44:16.900  INFO 2824 --- [restartedMain] j.LocalContainerEntityManagerFactoryBean : Initialized JPA EntityManagerFactory for persistence unit 'default'
2022-04-02 00:44:16.914  WARN 2824 --- [restartedMain] JpaBaseConfiguration$JpaWebConfiguration : spring.jpa.open-in-view is enabled by default. Therefore, database queries may be performed during view rendering. Explicitly configure spring.jpa.open-in-view to disable this warning
2022-04-02 00:44:16.956  INFO 2824 --- [restartedMain] o.s.s.web.DefaultSecurityFilterChain     : Will secure Ant [pattern='/images/**'] with []
2022-04-02 00:44:16.957  INFO 2824 --- [restartedMain] o.s.s.web.DefaultSecurityFilterChain     : Will secure Ant [pattern='/js/**'] with []
2022-04-02 00:44:16.957  INFO 2824 --- [restartedMain] o.s.s.web.DefaultSecurityFilterChain     : Will secure Ant [pattern='/webjars/**'] with []
2022-04-02 00:44:16.960  INFO 2824 --- [restartedMain] o.s.s.web.DefaultSecurityFilterChain     : Will secure any request with [org.springframework.security.web.context.request.async.WebAsyncManagerIntegrationFilter@3ca0cc99, org.springframework.security.web.context.SecurityContextPersistenceFilter@7bb9ff04, org.springframework.security.web.header.HeaderWriterFilter@77ded10e, org.springframework.security.web.csrf.CsrfFilter@2a7b3cd, org.springframework.security.web.authentication.logout.LogoutFilter@24528b72, org.springframework.security.web.authentication.UsernamePasswordAuthenticationFilter@3a711303, org.springframework.security.web.savedrequest.RequestCacheAwareFilter@2ddfce90, org.springframework.security.web.servletapi.SecurityContextHolderAwareRequestFilter@2c082c84, org.springframework.security.web.authentication.rememberme.RememberMeAuthenticationFilter@4ce6beaa, org.springframework.security.web.authentication.AnonymousAuthenticationFilter@2816ec53, org.springframework.security.web.session.SessionManagementFilter@44bf1585, org.springframework.security.web.access.ExceptionTranslationFilter@4983e66d, org.springframework.security.web.access.intercept.FilterSecurityInterceptor@764c5ddb]
2022-04-02 00:44:16.982  INFO 2824 --- [restartedMain] o.s.b.a.w.s.WelcomePageHandlerMapping    : Adding welcome page template: index
2022-04-02 00:44:17.128  INFO 2824 --- [restartedMain] o.s.b.d.a.OptionalLiveReloadServer       : LiveReload server is running on port 35729
2022-04-02 00:44:17.135  INFO 2824 --- [restartedMain] o.s.b.w.embedded.tomcat.TomcatWebServer  : Tomcat started on port(s): 8080 (http) with context path '/ShopmeAdmin'
2022-04-02 00:44:17.137  INFO 2824 --- [restartedMain] c.shopme.admin.ShopmeBackEndApplication  : Started ShopmeBackEndApplication in 0.464 seconds (JVM running for 3180.703)
2022-04-02 00:44:17.138  INFO 2824 --- [restartedMain] .ConditionEvaluationDeltaLoggingListener : Condition evaluation unchanged
2022-04-02 00:45:27.473  INFO 2824 --- [RMI TCP Connection(77)-127.0.0.1] inMXBeanRegistrar$SpringApplicationAdmin : Application shutdown requested.
2022-04-02 00:45:27.486  INFO 2824 --- [RMI TCP Connection(77)-127.0.0.1] j.LocalContainerEntityManagerFactoryBean : Closing JPA EntityManagerFactory for persistence unit 'default'
2022-04-02 00:45:27.486  INFO 2824 --- [RMI TCP Connection(77)-127.0.0.1] com.zaxxer.hikari.HikariDataSource       : HikariPool-9 - Shutdown initiated...
2022-04-02 00:45:27.488  INFO 2824 --- [RMI TCP Connection(77)-127.0.0.1] com.zaxxer.hikari.HikariDataSource       : HikariPool-9 - Shutdown completed.
2022-04-02 00:45:29.355  INFO 15800 --- [restartedMain] c.shopme.admin.ShopmeBackEndApplication  : Starting ShopmeBackEndApplication using Java 17.0.2 on LAPTOP-51T3DM64 with PID 15800 (D:\Project\Shopme-Ecommerce\ShopmeProject\ShopmeWebParent\ShopmeBackEnd\target\classes started by Loren in D:\Project\Shopme-Ecommerce\ShopmeProject\ShopmeWebParent\ShopmeBackEnd)
2022-04-02 00:45:29.356  INFO 15800 --- [restartedMain] c.shopme.admin.ShopmeBackEndApplication  : No active profile set, falling back to default profiles: default
2022-04-02 00:45:29.383  INFO 15800 --- [restartedMain] .e.DevToolsPropertyDefaultsPostProcessor : Devtools property defaults active! Set 'spring.devtools.add-properties' to 'false' to disable
2022-04-02 00:45:29.383  INFO 15800 --- [restartedMain] .e.DevToolsPropertyDefaultsPostProcessor : For additional web related logging consider setting the 'logging.level.web' property to 'DEBUG'
2022-04-02 00:45:29.733  INFO 15800 --- [restartedMain] .s.d.r.c.RepositoryConfigurationDelegate : Bootstrapping Spring Data JPA repositories in DEFAULT mode.
2022-04-02 00:45:29.764  INFO 15800 --- [restartedMain] .s.d.r.c.RepositoryConfigurationDelegate : Finished Spring Data repository scanning in 26 ms. Found 2 JPA repository interfaces.
2022-04-02 00:45:30.092  INFO 15800 --- [restartedMain] o.s.b.w.embedded.tomcat.TomcatWebServer  : Tomcat initialized with port(s): 8080 (http)
2022-04-02 00:45:30.098  INFO 15800 --- [restartedMain] o.apache.catalina.core.StandardService   : Starting service [Tomcat]
2022-04-02 00:45:30.098  INFO 15800 --- [restartedMain] org.apache.catalina.core.StandardEngine  : Starting Servlet engine: [Apache Tomcat/9.0.54]
2022-04-02 00:45:30.155  INFO 15800 --- [restartedMain] o.a.c.c.C.[.[localhost].[/ShopmeAdmin]   : Initializing Spring embedded WebApplicationContext
2022-04-02 00:45:30.156  INFO 15800 --- [restartedMain] w.s.c.ServletWebServerApplicationContext : Root WebApplicationContext: initialization completed in 773 ms
2022-04-02 00:45:30.274  INFO 15800 --- [restartedMain] o.hibernate.jpa.internal.util.LogHelper  : HHH000204: Processing PersistenceUnitInfo [name: default]
2022-04-02 00:45:30.305  INFO 15800 --- [restartedMain] org.hibernate.Version                    : HHH000412: Hibernate ORM core version 5.4.32.Final
2022-04-02 00:45:30.381  INFO 15800 --- [restartedMain] o.hibernate.annotations.common.Version   : HCANN000001: Hibernate Commons Annotations {5.1.2.Final}
2022-04-02 00:45:30.443  INFO 15800 --- [restartedMain] com.zaxxer.hikari.HikariDataSource       : HikariPool-1 - Starting...
2022-04-02 00:45:30.653  INFO 15800 --- [restartedMain] com.zaxxer.hikari.HikariDataSource       : HikariPool-1 - Start completed.
2022-04-02 00:45:30.663  INFO 15800 --- [restartedMain] org.hibernate.dialect.Dialect            : HHH000400: Using dialect: org.hibernate.dialect.MySQL8Dialect
2022-04-02 00:45:31.074  INFO 15800 --- [restartedMain] o.h.e.t.j.p.i.JtaPlatformInitiator       : HHH000490: Using JtaPlatform implementation: [org.hibernate.engine.transaction.jta.platform.internal.NoJtaPlatform]
2022-04-02 00:45:31.079  INFO 15800 --- [restartedMain] j.LocalContainerEntityManagerFactoryBean : Initialized JPA EntityManagerFactory for persistence unit 'default'
2022-04-02 00:45:31.112  WARN 15800 --- [restartedMain] JpaBaseConfiguration$JpaWebConfiguration : spring.jpa.open-in-view is enabled by default. Therefore, database queries may be performed during view rendering. Explicitly configure spring.jpa.open-in-view to disable this warning
2022-04-02 00:45:31.442  INFO 15800 --- [restartedMain] o.s.s.web.DefaultSecurityFilterChain     : Will secure Ant [pattern='/images/**'] with []
2022-04-02 00:45:31.442  INFO 15800 --- [restartedMain] o.s.s.web.DefaultSecurityFilterChain     : Will secure Ant [pattern='/js/**'] with []
2022-04-02 00:45:31.442  INFO 15800 --- [restartedMain] o.s.s.web.DefaultSecurityFilterChain     : Will secure Ant [pattern='/webjars/**'] with []
2022-04-02 00:45:31.460  INFO 15800 --- [restartedMain] o.s.s.web.DefaultSecurityFilterChain     : Will secure any request with [org.springframework.security.web.context.request.async.WebAsyncManagerIntegrationFilter@6f9a5513, org.springframework.security.web.context.SecurityContextPersistenceFilter@5977e8ac, org.springframework.security.web.header.HeaderWriterFilter@254f446a, org.springframework.security.web.csrf.CsrfFilter@68f4eae9, org.springframework.security.web.authentication.logout.LogoutFilter@53bf53c7, org.springframework.security.web.authentication.UsernamePasswordAuthenticationFilter@39cc5258, org.springframework.security.web.savedrequest.RequestCacheAwareFilter@551b8736, org.springframework.security.web.servletapi.SecurityContextHolderAwareRequestFilter@11450b8d, org.springframework.security.web.authentication.rememberme.RememberMeAuthenticationFilter@7cff8761, org.springframework.security.web.authentication.AnonymousAuthenticationFilter@7c58a085, org.springframework.security.web.session.SessionManagementFilter@1317c9ac, org.springframework.security.web.access.ExceptionTranslationFilter@24fc90af, org.springframework.security.web.access.intercept.FilterSecurityInterceptor@7abf2ed3]
2022-04-02 00:45:31.573  INFO 15800 --- [restartedMain] o.s.b.a.w.s.WelcomePageHandlerMapping    : Adding welcome page template: index
2022-04-02 00:45:31.864  INFO 15800 --- [restartedMain] o.s.b.d.a.OptionalLiveReloadServer       : LiveReload server is running on port 35729
2022-04-02 00:45:31.889  INFO 15800 --- [restartedMain] o.s.b.w.embedded.tomcat.TomcatWebServer  : Tomcat started on port(s): 8080 (http) with context path '/ShopmeAdmin'
2022-04-02 00:45:31.896  INFO 15800 --- [restartedMain] c.shopme.admin.ShopmeBackEndApplication  : Started ShopmeBackEndApplication in 2.76 seconds (JVM running for 3.257)
2022-04-02 10:05:42.847  WARN 15800 --- [HikariPool-1 housekeeper] com.zaxxer.hikari.pool.HikariPool        : HikariPool-1 - Thread starvation or clock leap detected (housekeeper delta=9h16m44s161ms380µs800ns).
2022-04-02 10:24:36.195  INFO 15800 --- [Thread-5] j.LocalContainerEntityManagerFactoryBean : Closing JPA EntityManagerFactory for persistence unit 'default'
2022-04-02 10:24:36.197  INFO 15800 --- [Thread-5] com.zaxxer.hikari.HikariDataSource       : HikariPool-1 - Shutdown initiated...
2022-04-02 10:24:36.201  INFO 15800 --- [Thread-5] com.zaxxer.hikari.HikariDataSource       : HikariPool-1 - Shutdown completed.
2022-04-02 10:24:36.258  INFO 15800 --- [restartedMain] c.shopme.admin.ShopmeBackEndApplication  : Starting ShopmeBackEndApplication using Java 17.0.2 on LAPTOP-51T3DM64 with PID 15800 (D:\Project\Shopme-Ecommerce\ShopmeProject\ShopmeWebParent\ShopmeBackEnd\target\classes started by Loren in D:\Project\Shopme-Ecommerce\ShopmeProject\ShopmeWebParent\ShopmeBackEnd)
2022-04-02 10:24:36.259  INFO 15800 --- [restartedMain] c.shopme.admin.ShopmeBackEndApplication  : No active profile set, falling back to default profiles: default
2022-04-02 10:24:36.375  INFO 15800 --- [restartedMain] .s.d.r.c.RepositoryConfigurationDelegate : Bootstrapping Spring Data JPA repositories in DEFAULT mode.
2022-04-02 10:24:36.383  INFO 15800 --- [restartedMain] .s.d.r.c.RepositoryConfigurationDelegate : Finished Spring Data repository scanning in 7 ms. Found 2 JPA repository interfaces.
2022-04-02 10:24:36.447  INFO 15800 --- [restartedMain] o.s.b.w.embedded.tomcat.TomcatWebServer  : Tomcat initialized with port(s): 8080 (http)
2022-04-02 10:24:36.448  INFO 15800 --- [restartedMain] o.apache.catalina.core.StandardService   : Starting service [Tomcat]
2022-04-02 10:24:36.448  INFO 15800 --- [restartedMain] org.apache.catalina.core.StandardEngine  : Starting Servlet engine: [Apache Tomcat/9.0.54]
2022-04-02 10:24:36.466  INFO 15800 --- [restartedMain] o.a.c.c.C.[.[localhost].[/ShopmeAdmin]   : Initializing Spring embedded WebApplicationContext
2022-04-02 10:24:36.466  INFO 15800 --- [restartedMain] w.s.c.ServletWebServerApplicationContext : Root WebApplicationContext: initialization completed in 205 ms
2022-04-02 10:24:36.488  INFO 15800 --- [restartedMain] o.hibernate.jpa.internal.util.LogHelper  : HHH000204: Processing PersistenceUnitInfo [name: default]
2022-04-02 10:24:36.491  INFO 15800 --- [restartedMain] com.zaxxer.hikari.HikariDataSource       : HikariPool-2 - Starting...
2022-04-02 10:24:36.502  INFO 15800 --- [restartedMain] com.zaxxer.hikari.HikariDataSource       : HikariPool-2 - Start completed.
2022-04-02 10:24:36.502  INFO 15800 --- [restartedMain] org.hibernate.dialect.Dialect            : HHH000400: Using dialect: org.hibernate.dialect.MySQL8Dialect
2022-04-02 10:24:36.539  INFO 15800 --- [restartedMain] o.h.e.t.j.p.i.JtaPlatformInitiator       : HHH000490: Using JtaPlatform implementation: [org.hibernate.engine.transaction.jta.platform.internal.NoJtaPlatform]
2022-04-02 10:24:36.539  INFO 15800 --- [restartedMain] j.LocalContainerEntityManagerFactoryBean : Initialized JPA EntityManagerFactory for persistence unit 'default'
2022-04-02 10:24:36.555  WARN 15800 --- [restartedMain] JpaBaseConfiguration$JpaWebConfiguration : spring.jpa.open-in-view is enabled by default. Therefore, database queries may be performed during view rendering. Explicitly configure spring.jpa.open-in-view to disable this warning
2022-04-02 10:24:36.608  INFO 15800 --- [restartedMain] o.s.s.web.DefaultSecurityFilterChain     : Will secure Ant [pattern='/images/**'] with []
2022-04-02 10:24:36.608  INFO 15800 --- [restartedMain] o.s.s.web.DefaultSecurityFilterChain     : Will secure Ant [pattern='/js/**'] with []
2022-04-02 10:24:36.608  INFO 15800 --- [restartedMain] o.s.s.web.DefaultSecurityFilterChain     : Will secure Ant [pattern='/webjars/**'] with []
2022-04-02 10:24:36.613  INFO 15800 --- [restartedMain] o.s.s.web.DefaultSecurityFilterChain     : Will secure any request with [org.springframework.security.web.context.request.async.WebAsyncManagerIntegrationFilter@7252680d, org.springframework.security.web.context.SecurityContextPersistenceFilter@41c929d2, org.springframework.security.web.header.HeaderWriterFilter@911b518, org.springframework.security.web.csrf.CsrfFilter@57e232a7, org.springframework.security.web.authentication.logout.LogoutFilter@7076cb8b, org.springframework.security.web.authentication.UsernamePasswordAuthenticationFilter@3864f82b, org.springframework.security.web.savedrequest.RequestCacheAwareFilter@5b6737fd, org.springframework.security.web.servletapi.SecurityContextHolderAwareRequestFilter@5fdaf0fc, org.springframework.security.web.authentication.rememberme.RememberMeAuthenticationFilter@3bb372ac, org.springframework.security.web.authentication.AnonymousAuthenticationFilter@4642fc22, org.springframework.security.web.session.SessionManagementFilter@7f85480, org.springframework.security.web.access.ExceptionTranslationFilter@12a102b4, org.springframework.security.web.access.intercept.FilterSecurityInterceptor@271266db]
2022-04-02 10:24:36.648  INFO 15800 --- [restartedMain] o.s.b.a.w.s.WelcomePageHandlerMapping    : Adding welcome page template: index
2022-04-02 10:24:36.807  INFO 15800 --- [restartedMain] o.s.b.d.a.OptionalLiveReloadServer       : LiveReload server is running on port 35729
2022-04-02 10:24:36.814  INFO 15800 --- [restartedMain] o.s.b.w.embedded.tomcat.TomcatWebServer  : Tomcat started on port(s): 8080 (http) with context path '/ShopmeAdmin'
2022-04-02 10:24:36.817  INFO 15800 --- [restartedMain] c.shopme.admin.ShopmeBackEndApplication  : Started ShopmeBackEndApplication in 0.58 seconds (JVM running for 34752.074)
2022-04-02 10:24:36.819  INFO 15800 --- [restartedMain] .ConditionEvaluationDeltaLoggingListener : Condition evaluation unchanged
2022-04-02 10:24:50.393  INFO 15800 --- [Thread-7] j.LocalContainerEntityManagerFactoryBean : Closing JPA EntityManagerFactory for persistence unit 'default'
2022-04-02 10:24:50.394  INFO 15800 --- [Thread-7] com.zaxxer.hikari.HikariDataSource       : HikariPool-2 - Shutdown initiated...
2022-04-02 10:24:50.396  INFO 15800 --- [Thread-7] com.zaxxer.hikari.HikariDataSource       : HikariPool-2 - Shutdown completed.
2022-04-02 10:24:50.441  INFO 15800 --- [restartedMain] c.shopme.admin.ShopmeBackEndApplication  : Starting ShopmeBackEndApplication using Java 17.0.2 on LAPTOP-51T3DM64 with PID 15800 (D:\Project\Shopme-Ecommerce\ShopmeProject\ShopmeWebParent\ShopmeBackEnd\target\classes started by Loren in D:\Project\Shopme-Ecommerce\ShopmeProject\ShopmeWebParent\ShopmeBackEnd)
2022-04-02 10:24:50.441  INFO 15800 --- [restartedMain] c.shopme.admin.ShopmeBackEndApplication  : No active profile set, falling back to default profiles: default
2022-04-02 10:24:50.535  INFO 15800 --- [restartedMain] .s.d.r.c.RepositoryConfigurationDelegate : Bootstrapping Spring Data JPA repositories in DEFAULT mode.
2022-04-02 10:24:50.541  INFO 15800 --- [restartedMain] .s.d.r.c.RepositoryConfigurationDelegate : Finished Spring Data repository scanning in 6 ms. Found 2 JPA repository interfaces.
2022-04-02 10:24:50.588  INFO 15800 --- [restartedMain] o.s.b.w.embedded.tomcat.TomcatWebServer  : Tomcat initialized with port(s): 8080 (http)
2022-04-02 10:24:50.588  INFO 15800 --- [restartedMain] o.apache.catalina.core.StandardService   : Starting service [Tomcat]
2022-04-02 10:24:50.588  INFO 15800 --- [restartedMain] org.apache.catalina.core.StandardEngine  : Starting Servlet engine: [Apache Tomcat/9.0.54]
2022-04-02 10:24:50.602  INFO 15800 --- [restartedMain] o.a.c.c.C.[.[localhost].[/ShopmeAdmin]   : Initializing Spring embedded WebApplicationContext
2022-04-02 10:24:50.602  INFO 15800 --- [restartedMain] w.s.c.ServletWebServerApplicationContext : Root WebApplicationContext: initialization completed in 160 ms
2022-04-02 10:24:50.621  INFO 15800 --- [restartedMain] o.hibernate.jpa.internal.util.LogHelper  : HHH000204: Processing PersistenceUnitInfo [name: default]
2022-04-02 10:24:50.624  INFO 15800 --- [restartedMain] com.zaxxer.hikari.HikariDataSource       : HikariPool-3 - Starting...
2022-04-02 10:24:50.635  INFO 15800 --- [restartedMain] com.zaxxer.hikari.HikariDataSource       : HikariPool-3 - Start completed.
2022-04-02 10:24:50.635  INFO 15800 --- [restartedMain] org.hibernate.dialect.Dialect            : HHH000400: Using dialect: org.hibernate.dialect.MySQL8Dialect
2022-04-02 10:24:50.671  INFO 15800 --- [restartedMain] o.h.e.t.j.p.i.JtaPlatformInitiator       : HHH000490: Using JtaPlatform implementation: [org.hibernate.engine.transaction.jta.platform.internal.NoJtaPlatform]
2022-04-02 10:24:50.671  INFO 15800 --- [restartedMain] j.LocalContainerEntityManagerFactoryBean : Initialized JPA EntityManagerFactory for persistence unit 'default'
2022-04-02 10:24:50.684  WARN 15800 --- [restartedMain] JpaBaseConfiguration$JpaWebConfiguration : spring.jpa.open-in-view is enabled by default. Therefore, database queries may be performed during view rendering. Explicitly configure spring.jpa.open-in-view to disable this warning
2022-04-02 10:24:50.727  INFO 15800 --- [restartedMain] o.s.s.web.DefaultSecurityFilterChain     : Will secure Ant [pattern='/images/**'] with []
2022-04-02 10:24:50.727  INFO 15800 --- [restartedMain] o.s.s.web.DefaultSecurityFilterChain     : Will secure Ant [pattern='/js/**'] with []
2022-04-02 10:24:50.728  INFO 15800 --- [restartedMain] o.s.s.web.DefaultSecurityFilterChain     : Will secure Ant [pattern='/webjars/**'] with []
2022-04-02 10:24:50.731  INFO 15800 --- [restartedMain] o.s.s.web.DefaultSecurityFilterChain     : Will secure any request with [org.springframework.security.web.context.request.async.WebAsyncManagerIntegrationFilter@3a502fd7, org.springframework.security.web.context.SecurityContextPersistenceFilter@60f0ac08, org.springframework.security.web.header.HeaderWriterFilter@7e1194e7, org.springframework.security.web.csrf.CsrfFilter@7d22441e, org.springframework.security.web.authentication.logout.LogoutFilter@186e23e, org.springframework.security.web.authentication.UsernamePasswordAuthenticationFilter@632dc57e, org.springframework.security.web.savedrequest.RequestCacheAwareFilter@7197c205, org.springframework.security.web.servletapi.SecurityContextHolderAwareRequestFilter@3d3d67c, org.springframework.security.web.authentication.rememberme.RememberMeAuthenticationFilter@24f144cc, org.springframework.security.web.authentication.AnonymousAuthenticationFilter@4fc8e8ef, org.springframework.security.web.session.SessionManagementFilter@f1d0b41, org.springframework.security.web.access.ExceptionTranslationFilter@20162c07, org.springframework.security.web.access.intercept.FilterSecurityInterceptor@4b47d55f]
2022-04-02 10:24:50.757  INFO 15800 --- [restartedMain] o.s.b.a.w.s.WelcomePageHandlerMapping    : Adding welcome page template: index
2022-04-02 10:24:50.868  INFO 15800 --- [restartedMain] o.s.b.d.a.OptionalLiveReloadServer       : LiveReload server is running on port 35729
2022-04-02 10:24:50.874  INFO 15800 --- [restartedMain] o.s.b.w.embedded.tomcat.TomcatWebServer  : Tomcat started on port(s): 8080 (http) with context path '/ShopmeAdmin'
2022-04-02 10:24:50.877  INFO 15800 --- [restartedMain] c.shopme.admin.ShopmeBackEndApplication  : Started ShopmeBackEndApplication in 0.452 seconds (JVM running for 34766.134)
2022-04-02 10:24:50.878  INFO 15800 --- [restartedMain] .ConditionEvaluationDeltaLoggingListener : Condition evaluation unchanged
2022-04-02 10:24:57.592  INFO 15800 --- [http-nio-8080-exec-1] o.a.c.c.C.[.[localhost].[/ShopmeAdmin]   : Initializing Spring DispatcherServlet 'dispatcherServlet'
2022-04-02 10:24:57.592  INFO 15800 --- [http-nio-8080-exec-1] o.s.web.servlet.DispatcherServlet        : Initializing Servlet 'dispatcherServlet'
2022-04-02 10:24:57.592  INFO 15800 --- [http-nio-8080-exec-1] o.s.web.servlet.DispatcherServlet        : Completed initialization in 0 ms
2022-04-02 10:28:51.626  INFO 15800 --- [Thread-11] j.LocalContainerEntityManagerFactoryBean : Closing JPA EntityManagerFactory for persistence unit 'default'
2022-04-02 10:28:51.626  INFO 15800 --- [Thread-11] com.zaxxer.hikari.HikariDataSource       : HikariPool-3 - Shutdown initiated...
2022-04-02 10:28:51.628  INFO 15800 --- [Thread-11] com.zaxxer.hikari.HikariDataSource       : HikariPool-3 - Shutdown completed.
